\BOOKMARK [1][]{section.1}{\376\377\000I\000n\000t\000r\000o\000d\000u\000c\000t\000i\000o\000n}{}% 1
\BOOKMARK [1][]{section.2}{\376\377\000T\000h\000e\000o\000r\000y}{}% 2
\BOOKMARK [2][]{subsection.2.1}{\376\377\000L\000o\000c\000a\000t\000i\000o\000n\000-\000\040\000a\000n\000d\000\040\000s\000c\000a\000l\000e\000-\000i\000n\000v\000a\000r\000i\000a\000n\000t\000\040\000p\000o\000w\000e\000r\000\040\000t\000r\000a\000n\000s\000f\000o\000r\000m\000a\000t\000i\000o\000n}{section.2}% 3
\BOOKMARK [2][]{subsection.2.2}{\376\377\000R\000o\000b\000u\000s\000t\000\040\000l\000o\000c\000a\000t\000i\000o\000n\000-\000\040\000a\000n\000d\000\040\000s\000c\000a\000l\000e\000-\000i\000n\000v\000a\000r\000i\000a\000n\000t\000\040\000p\000o\000w\000e\000r\000\040\000t\000r\000a\000n\000s\000f\000o\000r\000m\000a\000t\000i\000o\000n\000s}{section.2}% 4
\BOOKMARK [2][]{subsection.2.3}{\376\377\000A\000s\000y\000m\000m\000e\000t\000r\000i\000c\000\040\000g\000e\000n\000e\000r\000a\000l\000i\000s\000e\000d\000\040\000n\000o\000r\000m\000a\000l\000\040\000d\000i\000s\000t\000r\000i\000b\000u\000t\000i\000o\000n\000s}{section.2}% 5
\BOOKMARK [2][]{subsection.2.4}{\376\377\000E\000m\000p\000i\000r\000i\000c\000a\000l\000\040\000c\000e\000n\000t\000r\000a\000l\000\040\000n\000o\000r\000m\000a\000l\000i\000t\000y\000\040\000t\000e\000s\000t}{section.2}% 6
\BOOKMARK [1][]{section.3}{\376\377\000S\000i\000m\000u\000l\000a\000t\000i\000o\000n}{}% 7
\BOOKMARK [2][]{subsection.3.1}{\376\377\000I\000n\000v\000a\000r\000i\000a\000n\000c\000e\000\040\000t\000o\000\040\000l\000o\000c\000a\000t\000i\000o\000n\000\040\000a\000n\000d\000\040\000s\000c\000a\000l\000e}{section.3}% 8
\BOOKMARK [2][]{subsection.3.2}{\376\377\000R\000o\000b\000u\000s\000t\000\040\000t\000r\000a\000n\000s\000f\000o\000r\000m\000a\000t\000i\000o\000n\000s}{section.3}% 9
\BOOKMARK [2][]{subsection.3.3}{\376\377\000E\000m\000p\000i\000r\000i\000c\000a\000l\000\040\000c\000e\000n\000t\000r\000a\000l\000\040\000n\000o\000r\000m\000a\000l\000i\000t\000y\000\040\000t\000e\000s\000t}{section.3}% 10
\BOOKMARK [1][]{section.4}{\376\377\000E\000x\000p\000e\000r\000i\000m\000e\000n\000t\000a\000l\000\040\000R\000e\000s\000u\000l\000t\000s}{}% 11
\BOOKMARK [2][]{subsection.4.1}{\376\377\000I\000n\000v\000a\000r\000i\000a\000n\000c\000e}{section.4}% 12
\BOOKMARK [3][]{subsubsection.4.1.1}{\376\377\000A\000g\000e\000\040\000o\000f\000\040\000p\000a\000t\000i\000e\000n\000t\000s\000\040\000w\000i\000t\000h\000\040\000l\000u\000n\000g\000\040\000c\000a\000n\000c\000e\000r}{subsection.4.1}% 13
\BOOKMARK [3][]{subsubsection.4.1.2}{\376\377\000P\000e\000n\000g\000u\000i\000n\000\040\000b\000o\000d\000y\000\040\000m\000a\000s\000s}{subsection.4.1}% 14
\BOOKMARK [3][]{subsubsection.4.1.3}{\376\377\000L\000a\000t\000i\000t\000u\000d\000e\000\040\000i\000n\000\040\000t\000h\000e\000\040\000A\000m\000e\000s\000\040\000h\000o\000u\000s\000i\000n\000g\000\040\000d\000a\000t\000a\000s\000e\000t}{subsection.4.1}% 15
\BOOKMARK [2][]{subsection.4.2}{\376\377\000R\000o\000b\000u\000s\000t\000n\000e\000s\000s\000\040\000a\000g\000a\000i\000n\000s\000t\000\040\000o\000u\000t\000l\000i\000e\000r\000s}{section.4}% 16
\BOOKMARK [3][]{subsubsection.4.2.1}{\376\377\000F\000u\000e\000l\000\040\000e\000f\000f\000i\000c\000i\000e\000n\000c\000y\000\040\000i\000n\000\040\000t\000h\000e\000\040\000T\000o\000p\000\040\000G\000e\000a\000r\000\040\000d\000a\000t\000a\000s\000e\000t}{subsection.4.2}% 17
\BOOKMARK [3][]{subsubsection.4.2.2}{\376\377\000M\000a\000x\000i\000m\000u\000m\000\040\000a\000r\000t\000e\000r\000i\000a\000l\000\040\000w\000a\000l\000l\000\040\000t\000h\000i\000c\000k\000n\000e\000s\000s\000\040\000i\000n\000\040\000a\000n\000\040\000i\000s\000c\000h\000e\000m\000i\000c\000\040\000s\000t\000r\000o\000k\000e\000\040\000d\000a\000t\000a\000s\000e\000t}{subsection.4.2}% 18
\BOOKMARK [2][]{subsection.4.3}{\376\377\000I\000n\000t\000e\000g\000r\000a\000t\000i\000o\000n\000\040\000i\000n\000t\000o\000\040\000e\000n\000d\000-\000t\000o\000-\000e\000n\000d\000\040\000m\000a\000c\000h\000i\000n\000e\000\040\000l\000e\000a\000r\000n\000i\000n\000g}{section.4}% 19
\BOOKMARK [1][]{section.5}{\376\377\000D\000i\000s\000c\000u\000s\000s\000i\000o\000n}{}% 20
\BOOKMARK [1][]{section.6}{\376\377\000C\000o\000n\000c\000l\000u\000s\000i\000o\000n}{}% 21
\BOOKMARK [1][]{appendix.a.A}{\376\377\000L\000o\000g\000-\000l\000i\000k\000e\000l\000i\000h\000o\000o\000d\000\040\000f\000u\000n\000c\000t\000i\000o\000n\000s\000\040\000f\000o\000r\000\040\000l\000o\000c\000a\000t\000i\000o\000n\000\040\000a\000n\000d\000\040\000s\000c\000a\000l\000e\000\040\000i\000n\000v\000a\000r\000i\000a\000n\000t\000\040\000p\000o\000w\000e\000r\000\040\000t\000r\000a\000n\000s\000f\000o\000r\000m\000a\000t\000i\000o\000n}{}% 22
\BOOKMARK [2][]{subsection.a.A.1}{\376\377\000L\000o\000c\000a\000t\000i\000o\000n\000-\000\040\000a\000n\000d\000\040\000s\000c\000a\000l\000e\000-\000i\000n\000v\000a\000r\000i\000a\000n\000t\000\040\000B\000o\000x\000-\000C\000o\000x\000\040\000t\000r\000a\000n\000s\000f\000o\000r\000m\000a\000t\000i\000o\000n}{appendix.a.A}% 23
\BOOKMARK [2][]{subsection.a.A.2}{\376\377\000L\000o\000c\000a\000t\000i\000o\000n\000-\000\040\000a\000n\000d\000\040\000s\000c\000a\000l\000e\000-\000i\000n\000v\000a\000r\000i\000a\000n\000t\000\040\000Y\000e\000o\000-\000J\000o\000h\000n\000s\000o\000n\000\040\000t\000r\000a\000n\000s\000f\000o\000r\000m\000a\000t\000i\000o\000n}{appendix.a.A}% 24
\BOOKMARK [1][]{appendix.a.B}{\376\377\000O\000p\000t\000i\000m\000i\000s\000a\000t\000i\000o\000n\000\040\000o\000f\000\040\000t\000r\000a\000n\000s\000f\000o\000r\000m\000a\000t\000i\000o\000n\000\040\000p\000a\000r\000a\000m\000e\000t\000e\000r\000s}{}% 25
\BOOKMARK [2][]{subsection.a.B.1}{\376\377\000E\000m\000p\000i\000r\000i\000c\000a\000l\000\040\000d\000e\000n\000s\000i\000t\000y\000\040\000f\000u\000n\000c\000t\000i\000o\000n\000-\000b\000a\000s\000e\000d\000\040\000c\000r\000i\000t\000e\000r\000i\000a}{appendix.a.B}% 26
\BOOKMARK [3][]{subsubsection.a.B.1.1}{\376\377\000A\000n\000d\000e\000r\000s\000o\000n\000-\000D\000a\000r\000l\000i\000n\000g\000\040\000c\000r\000i\000t\000e\000r\000i\000o\000n}{subsection.a.B.1}% 27
\BOOKMARK [3][]{subsubsection.a.B.1.2}{\376\377\000C\000r\000a\000m\000\351\000r\000-\000v\000o\000n\000\040\000M\000i\000s\000e\000s\000\040\000c\000r\000i\000t\000e\000r\000i\000o\000n}{subsection.a.B.1}% 28
\BOOKMARK [2][]{subsection.a.B.2}{\376\377\000S\000k\000e\000w\000n\000e\000s\000s\000-\000k\000u\000r\000t\000o\000s\000i\000s\000-\000b\000a\000s\000e\000d\000\040\000c\000r\000i\000t\000e\000r\000i\000a}{appendix.a.B}% 29
\BOOKMARK [3][]{subsubsection.a.B.2.1}{\376\377\000D\000'\000A\000g\000o\000s\000t\000i\000n\000o\000\040\000c\000r\000i\000t\000e\000r\000i\000o\000n}{subsection.a.B.2}% 30
\BOOKMARK [3][]{subsubsection.a.B.2.2}{\376\377\000J\000a\000r\000q\000u\000e\000-\000B\000e\000r\000a\000\040\000c\000r\000i\000t\000e\000r\000i\000o\000n}{subsection.a.B.2}% 31
\BOOKMARK [2][]{subsection.a.B.3}{\376\377\000O\000p\000t\000i\000m\000i\000s\000a\000t\000i\000o\000n\000\040\000u\000s\000i\000n\000g\000\040\000n\000o\000n\000-\000M\000L\000E\000\040\000c\000r\000i\000t\000e\000r\000i\000a}{appendix.a.B}% 32
\BOOKMARK [1][]{appendix.a.C}{\376\377\000S\000i\000m\000u\000l\000a\000t\000i\000o\000n\000s\000\040\000w\000i\000t\000h\000\040\000o\000t\000h\000e\000r\000\040\000o\000p\000t\000i\000m\000i\000s\000a\000t\000i\000o\000n\000\040\000c\000r\000i\000t\000e\000r\000i\000a}{}% 33
\BOOKMARK [1][]{appendix.a.D}{\376\377\000E\000x\000p\000e\000r\000i\000m\000e\000n\000t\000a\000l\000\040\000r\000e\000s\000u\000l\000t\000s\000\040\000u\000s\000i\000n\000g\000\040\000l\000o\000c\000a\000t\000i\000o\000n\000-\000\040\000a\000n\000d\000\040\000s\000c\000a\000l\000e\000-\000i\000n\000v\000a\000r\000i\000a\000n\000t\000\040\000B\000o\000x\000-\000C\000o\000x\000\040\000t\000r\000a\000n\000s\000f\000o\000r\000m\000a\000t\000i\000o\000n}{}% 34
\BOOKMARK [2][]{subsection.a.D.1}{\376\377\000I\000n\000v\000a\000r\000i\000a\000n\000c\000e}{appendix.a.D}% 35
\BOOKMARK [3][]{subsubsection.a.D.1.1}{\376\377\000A\000g\000e\000\040\000o\000f\000\040\000p\000a\000t\000i\000e\000n\000t\000s\000\040\000w\000i\000t\000h\000\040\000l\000u\000n\000g\000\040\000c\000a\000n\000c\000e\000r}{subsection.a.D.1}% 36
\BOOKMARK [3][]{subsubsection.a.D.1.2}{\376\377\000P\000e\000n\000g\000u\000i\000n\000\040\000b\000o\000d\000y\000\040\000m\000a\000s\000s}{subsection.a.D.1}% 37
\BOOKMARK [3][]{subsubsection.a.D.1.3}{\376\377\000L\000a\000t\000i\000t\000u\000d\000e\000\040\000i\000n\000\040\000t\000h\000e\000\040\000A\000m\000e\000s\000\040\000h\000o\000u\000s\000i\000n\000g\000\040\000d\000a\000t\000a\000s\000e\000t}{subsection.a.D.1}% 38
\BOOKMARK [2][]{subsection.a.D.2}{\376\377\000R\000o\000b\000u\000s\000t\000n\000e\000s\000s\000\040\000a\000g\000a\000i\000n\000s\000t\000\040\000o\000u\000t\000l\000i\000e\000r\000s}{appendix.a.D}% 39
\BOOKMARK [3][]{subsubsection.a.D.2.1}{\376\377\000F\000u\000e\000l\000\040\000e\000f\000f\000i\000c\000i\000e\000n\000c\000y\000\040\000i\000n\000\040\000t\000h\000e\000\040\000T\000o\000p\000\040\000G\000e\000a\000r\000\040\000d\000a\000t\000a\000s\000e\000t}{subsection.a.D.2}% 40
\BOOKMARK [3][]{subsubsection.a.D.2.2}{\376\377\000M\000a\000x\000i\000m\000u\000m\000\040\000a\000r\000t\000e\000r\000i\000a\000l\000\040\000w\000a\000l\000l\000\040\000t\000h\000i\000c\000k\000n\000e\000s\000s\000\040\000i\000n\000\040\000a\000n\000\040\000i\000s\000c\000h\000e\000m\000i\000c\000\040\000s\000t\000r\000o\000k\000e\000\040\000d\000a\000t\000a\000s\000e\000t}{subsection.a.D.2}% 41
\BOOKMARK [1][]{appendix.a.E}{\376\377\000E\000m\000p\000i\000r\000i\000c\000a\000l\000\040\000c\000e\000n\000t\000r\000a\000l\000\040\000n\000o\000r\000m\000a\000l\000i\000t\000y\000\040\000t\000e\000s\000t}{}% 42
\BOOKMARK [1][]{appendix.a.F}{\376\377\000N\000o\000r\000m\000a\000l\000i\000s\000a\000t\000i\000o\000n\000\040\000b\000e\000f\000o\000r\000e\000\040\000t\000r\000a\000n\000s\000f\000o\000r\000m\000a\000t\000i\000o\000n}{}% 43
